<?xml version="1.0" encoding="UTF-8"?>
<testng-results ignored="0" total="1" passed="1" failed="0" skipped="0">
  <reporter-output>
  </reporter-output>
  <suite started-at="2023-06-15T20:20:15 EDT" name="Default suite" finished-at="2023-06-15T20:20:31 EDT" duration-ms="16313">
    <groups>
    </groups>
    <test started-at="2023-06-15T20:20:15 EDT" name="Default test" finished-at="2023-06-15T20:20:31 EDT" duration-ms="16313">
      <class name="auto.AutoTest">
        <test-method is-config="true" signature="BeforeEachTest()[pri:0, instance:auto.AutoTest@73e9cf30]" started-at="2023-06-15T20:20:15 EDT" name="BeforeEachTest" finished-at="2023-06-15T20:20:30 EDT" duration-ms="14843" status="PASS">
          <reporter-output>
          </reporter-output>
        </test-method> <!-- BeforeEachTest -->
        <test-method signature="getA_Quote()[pri:0, instance:auto.AutoTest@73e9cf30]" started-at="2023-06-15T20:20:30 EDT" name="getA_Quote" finished-at="2023-06-15T20:20:31 EDT" duration-ms="659" status="PASS">
          <reporter-output>
          </reporter-output>
        </test-method> <!-- getA_Quote -->
        <test-method is-config="true" signature="tearDown()[pri:0, instance:auto.AutoTest@73e9cf30]" started-at="2023-06-15T20:20:31 EDT" name="tearDown" finished-at="2023-06-15T20:20:31 EDT" duration-ms="690" status="PASS">
          <reporter-output>
          </reporter-output>
        </test-method> <!-- tearDown -->
      </class> <!-- auto.AutoTest -->
    </test> <!-- Default test -->
  </suite> <!-- Default suite -->
</testng-results>
